# JRE version: Java(TM) SE Runtime Environment (21.0.1+12) (build 21.0.1+12-LTS-29)
# Java VM: Java HotSpot(TM) 64-Bit Server VM (21.0.1+12-LTS-29, mixed mode, sharing, tiered, compressed oops, compressed class ptrs, g1 gc, windows-amd64)
GC Precious Log:
 CardTable entry size: 512
 Card Set container configuration: InlinePtr #cards 4 size 8 Array Of Cards #cards 16 size 48 Howl #buckets 8 coarsen threshold 3686 Howl Bitmap #cards 512 size 80 coarsen threshold 460 Card regions per heap region 1 cards per card region 4096
 CPUs: 16 total, 16 available
 Memory: 15720M
 Large Page Support: Disabled
 NUMA Support: Disabled
 Compressed Oops: Enabled (Zero based)
 Heap Region Size: 2M
 Heap Min Capacity: 8M
 Heap Initial Capacity: 246M
 Heap Max Capacity: 3932M
 Pre-touch: Disabled
 Parallel Workers: 13
 Concurrent Workers: 3
 Concurrent Refinement Workers: 13
 Periodic GC: Disabled
Heap:
 garbage-first heap   total 122880K, used 44174K [0x000000070a400000, 0x0000000800000000)
  region size 2048K, 1 young (2048K), 1 survivors (2048K)
 Metaspace       used 89029K, committed 89984K, reserved 1179648K
  class space    used 11558K, committed 12032K, reserved 1048576K
GC Heap History (20 events):
Event: 2718.469 GC heap after
{Heap after GC invocations=87 (full 0):
 garbage-first heap   total 122880K, used 44065K [0x000000070a400000, 0x0000000800000000)
  region size 2048K, 1 young (2048K), 1 survivors (2048K)
 Metaspace       used 89011K, committed 89984K, reserved 1179648K
  class space    used 11558K, committed 12032K, reserved 1048576K
}
Event: 2719.717 GC heap before
{Heap before GC invocations=87 (full 0):
 garbage-first heap   total 122880K, used 111649K [0x000000070a400000, 0x0000000800000000)
  region size 2048K, 34 young (69632K), 1 survivors (2048K)
 Metaspace       used 89013K, committed 89984K, reserved 1179648K
  class space    used 11558K, committed 12032K, reserved 1048576K
}
Event: 2719.719 GC heap after
{Heap after GC invocations=88 (full 0):
 garbage-first heap   total 122880K, used 44100K [0x000000070a400000, 0x0000000800000000)
  region size 2048K, 1 young (2048K), 1 survivors (2048K)
 Metaspace       used 89013K, committed 89984K, reserved 1179648K
  class space    used 11558K, committed 12032K, reserved 1048576K
}
Event: 2721.162 GC heap before
{Heap before GC invocations=89 (full 0):
 garbage-first heap   total 122880K, used 111684K [0x000000070a400000, 0x0000000800000000)
  region size 2048K, 34 young (69632K), 1 survivors (2048K)
 Metaspace       used 89024K, committed 89984K, reserved 1179648K
  class space    used 11558K, committed 12032K, reserved 1048576K
}
Event: 2721.164 GC heap after
{Heap after GC invocations=90 (full 0):
 garbage-first heap   total 122880K, used 44153K [0x000000070a400000, 0x0000000800000000)
  region size 2048K, 1 young (2048K), 1 survivors (2048K)
 Metaspace       used 89024K, committed 89984K, reserved 1179648K
  class space    used 11558K, committed 12032K, reserved 1048576K
}
Event: 2722.444 GC heap before
{Heap before GC invocations=90 (full 0):
 garbage-first heap   total 122880K, used 111737K [0x000000070a400000, 0x0000000800000000)
  region size 2048K, 34 young (69632K), 1 survivors (2048K)
 Metaspace       used 89024K, committed 89984K, reserved 1179648K
  class space    used 11558K, committed 12032K, reserved 1048576K
}
Event: 2722.446 GC heap after
{Heap after GC invocations=91 (full 0):
 garbage-first heap   total 122880K, used 44096K [0x000000070a400000, 0x0000000800000000)
  region size 2048K, 1 young (2048K), 1 survivors (2048K)
 Metaspace       used 89024K, committed 89984K, reserved 1179648K
  class space    used 11558K, committed 12032K, reserved 1048576K
}
Event: 2723.686 GC heap before
{Heap before GC invocations=92 (full 0):
 garbage-first heap   total 122880K, used 111680K [0x000000070a400000, 0x0000000800000000)
  region size 2048K, 34 young (69632K), 1 survivors (2048K)
 Metaspace       used 89024K, committed 89984K, reserved 1179648K
  class space    used 11558K, committed 12032K, reserved 1048576K
}
Event: 2723.687 GC heap after
{Heap after GC invocations=93 (full 0):
 garbage-first heap   total 122880K, used 44080K [0x000000070a400000, 0x0000000800000000)
  region size 2048K, 1 young (2048K), 1 survivors (2048K)
 Metaspace       used 89024K, committed 89984K, reserved 1179648K
  class space    used 11558K, committed 12032K, reserved 1048576K
}
Event: 2724.951 GC heap before
{Heap before GC invocations=93 (full 0):
 garbage-first heap   total 122880K, used 111664K [0x000000070a400000, 0x0000000800000000)
  region size 2048K, 34 young (69632K), 1 survivors (2048K)
 Metaspace       used 89024K, committed 89984K, reserved 1179648K
  class space    used 11558K, committed 12032K, reserved 1048576K
}
Event: 2724.953 GC heap after
{Heap after GC invocations=94 (full 0):
 garbage-first heap   total 122880K, used 44108K [0x000000070a400000, 0x0000000800000000)
  region size 2048K, 1 young (2048K), 1 survivors (2048K)
 Metaspace       used 89024K, committed 89984K, reserved 1179648K
  class space    used 11558K, committed 12032K, reserved 1048576K
}
Event: 2726.545 GC heap before
{Heap before GC invocations=95 (full 0):
 garbage-first heap   total 122880K, used 111692K [0x000000070a400000, 0x0000000800000000)
  region size 2048K, 34 young (69632K), 1 survivors (2048K)
 Metaspace       used 89024K, committed 89984K, reserved 1179648K
  class space    used 11558K, committed 12032K, reserved 1048576K
}
Event: 2726.547 GC heap after
{Heap after GC invocations=96 (full 0):
 garbage-first heap   total 122880K, used 44133K [0x000000070a400000, 0x0000000800000000)
  region size 2048K, 1 young (2048K), 1 survivors (2048K)
 Metaspace       used 89024K, committed 89984K, reserved 1179648K
  class space    used 11558K, committed 12032K, reserved 1048576K
}
Event: 2727.737 GC heap before
{Heap before GC invocations=96 (full 0):
 garbage-first heap   total 122880K, used 111717K [0x000000070a400000, 0x0000000800000000)
  region size 2048K, 34 young (69632K), 1 survivors (2048K)
 Metaspace       used 89025K, committed 89984K, reserved 1179648K
  class space    used 11558K, committed 12032K, reserved 1048576K
}
Event: 2727.739 GC heap after
{Heap after GC invocations=97 (full 0):
 garbage-first heap   total 122880K, used 44157K [0x000000070a400000, 0x0000000800000000)
  region size 2048K, 1 young (2048K), 1 survivors (2048K)
 Metaspace       used 89025K, committed 89984K, reserved 1179648K
  class space    used 11558K, committed 12032K, reserved 1048576K
}
Event: 2728.689 GC heap before
{Heap before GC invocations=98 (full 0):
 garbage-first heap   total 122880K, used 111741K [0x000000070a400000, 0x0000000800000000)
  region size 2048K, 34 young (69632K), 1 survivors (2048K)
 Metaspace       used 89025K, committed 89984K, reserved 1179648K
  class space    used 11558K, committed 12032K, reserved 1048576K
}
Event: 2728.690 GC heap after
{Heap after GC invocations=99 (full 0):
 garbage-first heap   total 122880K, used 44119K [0x000000070a400000, 0x0000000800000000)
  region size 2048K, 1 young (2048K), 1 survivors (2048K)
 Metaspace       used 89025K, committed 89984K, reserved 1179648K
  class space    used 11558K, committed 12032K, reserved 1048576K
}
Event: 2729.567 GC heap before
{Heap before GC invocations=99 (full 0):
 garbage-first heap   total 122880K, used 111703K [0x000000070a400000, 0x0000000800000000)
  region size 2048K, 34 young (69632K), 1 survivors (2048K)
 Metaspace       used 89029K, committed 89984K, reserved 1179648K
  class space    used 11558K, committed 12032K, reserved 1048576K
}
Event: 2729.569 GC heap after
{Heap after GC invocations=100 (full 0):
 garbage-first heap   total 122880K, used 44093K [0x000000070a400000, 0x0000000800000000)
  region size 2048K, 1 young (2048K), 1 survivors (2048K)
 Metaspace       used 89029K, committed 89984K, reserved 1179648K
  class space    used 11558K, committed 12032K, reserved 1048576K
}
Event: 2730.293 GC heap before
{Heap before GC invocations=101 (full 0):
 garbage-first heap   total 122880K, used 111677K [0x000000070a400000, 0x0000000800000000)
  region size 2048K, 34 young (69632K), 1 survivors (2048K)
 Metaspace       used 89029K, committed 89984K, reserved 1179648K
  class space    used 11558K, committed 12032K, reserved 1048576K
}

